LeeChild/build/outputs/logs/manifest-merger-debug-report.txt
-- Merging decision tree log ---
manifest
ADDED from xiaoweichange\LeeChild\AndroidManifest.xml:2:1-33:12
	xmlns:android
		ADDED from xiaoweichange\LeeChild\AndroidManifest.xml:2:11-69
	package
		ADDED from xiaoweichange\LeeChild\AndroidManifest.xml:3:5-32
	android:versionName
		ADDED from xiaoweichange\LeeChild\AndroidManifest.xml:5:5-30
	android:versionCode
		ADDED from xiaoweichange\LeeChild\AndroidManifest.xml:4:5-28
		INJECTED from xiaoweichange\LeeChild\AndroidManifest.xml
		INJECTED from xiaoweichange\LeeChild\AndroidManifest.xml
uses-sdk
ADDED from xiaoweichange\LeeChild\AndroidManifest.xml:7:5-9:41
MERGED from [com.android.support:appcompat-v7:24.0.0-alpha1] AndroidManifest.xml:21:5-23:78
MERGED from [com.android.support:support-vector-drawable:24.0.0-alpha1] AndroidManifest.xml:21:5-43
MERGED from [com.android.support:support-v4:24.0.0-alpha1] AndroidManifest.xml:20:5-43
MERGED from [com.android.support:animated-vector-drawable:24.0.0-alpha1] AndroidManifest.xml:20:5-44
MERGED from [com.android.support:support-vector-drawable:24.0.0-alpha1] AndroidManifest.xml:21:5-43
MERGED from [com.android.support:support-v4:24.0.0-alpha1] AndroidManifest.xml:20:5-43
MERGED from [com.android.support:support-v4:24.0.0-alpha1] AndroidManifest.xml:20:5-43
	android:targetSdkVersion
		ADDED from xiaoweichange\LeeChild\AndroidManifest.xml:9:9-38
	android:minSdkVersion
		ADDED from xiaoweichange\LeeChild\AndroidManifest.xml:8:9-34
	tools:overrideLibrary
		ADDED from [com.android.support:appcompat-v7:24.0.0-alpha1] AndroidManifest.xml:23:9-75
android:uses-permission#android.permission.WRITE_EXTERNAL_STORAGE
ADDED from xiaoweichange\LeeChild\AndroidManifest.xml:11:5-89
	android:name
		ADDED from xiaoweichange\LeeChild\AndroidManifest.xml:11:30-86
android:uses-permission#android.permission.READ_PHONE_STATE
ADDED from xiaoweichange\LeeChild\AndroidManifest.xml:12:5-83
	android:name
		ADDED from xiaoweichange\LeeChild\AndroidManifest.xml:12:30-80
android:uses-permission#android.permission.READ_EXTERNAL_STORAGE
ADDED from xiaoweichange\LeeChild\AndroidManifest.xml:13:5-88
	android:name
		ADDED from xiaoweichange\LeeChild\AndroidManifest.xml:13:30-85
uses-permission#android.permission.INTERNET
ADDED from xiaoweichange\LeeChild\AndroidManifest.xml:14:5-67
	android:name
		ADDED from xiaoweichange\LeeChild\AndroidManifest.xml:14:22-64
application
ADDED from xiaoweichange\LeeChild\AndroidManifest.xml:16:5-31:19
MERGED from [com.android.support:appcompat-v7:24.0.0-alpha1] AndroidManifest.xml:25:5-20
MERGED from [com.android.support:support-vector-drawable:24.0.0-alpha1] AndroidManifest.xml:23:5-20
MERGED from [com.android.support:support-v4:24.0.0-alpha1] AndroidManifest.xml:22:5-20
MERGED from [com.android.support:animated-vector-drawable:24.0.0-alpha1] AndroidManifest.xml:22:5-20
MERGED from [com.android.support:support-vector-drawable:24.0.0-alpha1] AndroidManifest.xml:23:5-20
MERGED from [com.android.support:support-v4:24.0.0-alpha1] AndroidManifest.xml:22:5-20
MERGED from [com.android.support:support-v4:24.0.0-alpha1] AndroidManifest.xml:22:5-20
	android:label
		ADDED from xiaoweichange\LeeChild\AndroidManifest.xml:19:9-41
	android:allowBackup
		ADDED from xiaoweichange\LeeChild\AndroidManifest.xml:17:9-35
	android:icon
		ADDED from xiaoweichange\LeeChild\AndroidManifest.xml:18:9-45
	android:theme
		ADDED from xiaoweichange\LeeChild\AndroidManifest.xml:20:9-40
activity#com.lee.childbaby.MainActivity
ADDED from xiaoweichange\LeeChild\AndroidManifest.xml:21:9-30:20
	android:label
		ADDED from xiaoweichange\LeeChild\AndroidManifest.xml:21:48-80
	android:theme
		ADDED from xiaoweichange\LeeChild\AndroidManifest.xml:22:13-56
	android:name
		ADDED from xiaoweichange\LeeChild\AndroidManifest.xml:21:19-47
intent-filter#android.intent.action.MAIN+android.intent.category.LAUNCHER
ADDED from xiaoweichange\LeeChild\AndroidManifest.xml:25:13-29:29
action#android.intent.action.MAIN
ADDED from xiaoweichange\LeeChild\AndroidManifest.xml:26:17-69
	android:name
		ADDED from xiaoweichange\LeeChild\AndroidManifest.xml:26:25-66
category#android.intent.category.LAUNCHER
ADDED from xiaoweichange\LeeChild\AndroidManifest.xml:28:17-77
	android:name
		ADDED from xiaoweichange\LeeChild\AndroidManifest.xml:28:27-74